<?xml version="1.0" encoding="UTF-8"?>
<!-- Generated by org.testng.reporters.JUnitXMLReporter -->
<testsuite ignored="0" hostname="DESKTOP-PN8R175" failures="0" tests="5" name="Default test" time="4.886" errors="0" timestamp="2022-03-29T20:23:36 EDT">
  <testcase classname="Cosmo.Cosmo_coding" name="multiple_checkbox_all" time="0.437"/>
  <testcase classname="Cosmo.Cosmo_coding" name="multiple_checkbox_choice" time="0.393"/>
  <testcase classname="Cosmo.Cosmo_coding" name="name_fill" time="0.336"/>
  <testcase classname="Cosmo.Cosmo_coding" name="radio_button" time="0.136"/>
  <testcase classname="Cosmo.Cosmo_coding" name="single_checkbox" time="0.13"/>
</testsuite> <!-- Default test -->
