<?xml version="1.0" encoding="UTF-8"?>
<testng-results ignored="0" total="5" passed="5" failed="0" skipped="0">
  <reporter-output>
  </reporter-output>
  <suite started-at="2022-03-29T20:23:31 EDT" name="Default suite" finished-at="2022-03-29T20:23:36 EDT" duration-ms="4886">
    <groups>
    </groups>
    <test started-at="2022-03-29T20:23:31 EDT" name="Default test" finished-at="2022-03-29T20:23:36 EDT" duration-ms="4886">
      <class name="Cosmo.Cosmo_coding">
        <test-method is-config="true" signature="url_open()[pri:0, instance:Cosmo.Cosmo_coding@111610e6]" started-at="2022-03-29T20:23:31 EDT" name="url_open" finished-at="2022-03-29T20:23:33 EDT" duration-ms="1664" status="PASS">
          <reporter-output>
          </reporter-output>
        </test-method> <!-- url_open -->
        <test-method signature="multiple_checkbox_all()[pri:0, instance:Cosmo.Cosmo_coding@111610e6]" started-at="2022-03-29T20:23:33 EDT" name="multiple_checkbox_all" finished-at="2022-03-29T20:23:33 EDT" duration-ms="437" status="PASS">
          <reporter-output>
          </reporter-output>
        </test-method> <!-- multiple_checkbox_all -->
        <test-method is-config="true" signature="url_open()[pri:0, instance:Cosmo.Cosmo_coding@111610e6]" started-at="2022-03-29T20:23:33 EDT" name="url_open" finished-at="2022-03-29T20:23:34 EDT" duration-ms="405" status="PASS">
          <reporter-output>
          </reporter-output>
        </test-method> <!-- url_open -->
        <test-method signature="multiple_checkbox_choice()[pri:0, instance:Cosmo.Cosmo_coding@111610e6]" started-at="2022-03-29T20:23:34 EDT" name="multiple_checkbox_choice" finished-at="2022-03-29T20:23:34 EDT" duration-ms="393" status="PASS">
          <reporter-output>
          </reporter-output>
        </test-method> <!-- multiple_checkbox_choice -->
        <test-method is-config="true" signature="url_open()[pri:0, instance:Cosmo.Cosmo_coding@111610e6]" started-at="2022-03-29T20:23:34 EDT" name="url_open" finished-at="2022-03-29T20:23:35 EDT" duration-ms="414" status="PASS">
          <reporter-output>
          </reporter-output>
        </test-method> <!-- url_open -->
        <test-method signature="name_fill()[pri:0, instance:Cosmo.Cosmo_coding@111610e6]" started-at="2022-03-29T20:23:35 EDT" name="name_fill" finished-at="2022-03-29T20:23:35 EDT" duration-ms="336" status="PASS">
          <reporter-output>
          </reporter-output>
        </test-method> <!-- name_fill -->
        <test-method is-config="true" signature="url_open()[pri:0, instance:Cosmo.Cosmo_coding@111610e6]" started-at="2022-03-29T20:23:35 EDT" name="url_open" finished-at="2022-03-29T20:23:35 EDT" duration-ms="484" status="PASS">
          <reporter-output>
          </reporter-output>
        </test-method> <!-- url_open -->
        <test-method signature="radio_button()[pri:0, instance:Cosmo.Cosmo_coding@111610e6]" started-at="2022-03-29T20:23:35 EDT" name="radio_button" finished-at="2022-03-29T20:23:36 EDT" duration-ms="136" status="PASS">
          <reporter-output>
          </reporter-output>
        </test-method> <!-- radio_button -->
        <test-method is-config="true" signature="url_open()[pri:0, instance:Cosmo.Cosmo_coding@111610e6]" started-at="2022-03-29T20:23:36 EDT" name="url_open" finished-at="2022-03-29T20:23:36 EDT" duration-ms="417" status="PASS">
          <reporter-output>
          </reporter-output>
        </test-method> <!-- url_open -->
        <test-method signature="single_checkbox()[pri:0, instance:Cosmo.Cosmo_coding@111610e6]" started-at="2022-03-29T20:23:36 EDT" name="single_checkbox" finished-at="2022-03-29T20:23:36 EDT" duration-ms="130" status="PASS">
          <reporter-output>
          </reporter-output>
        </test-method> <!-- single_checkbox -->
      </class> <!-- Cosmo.Cosmo_coding -->
    </test> <!-- Default test -->
  </suite> <!-- Default suite -->
</testng-results>
